<?xml version="1.0" encoding="UTF-8"?>
<!-- Generated by org.testng.reporters.JUnitReportReporter -->
<testsuite hostname="DESKTOP-3K9HUG1" failures="0" tests="5" name="com.testyourskill.PRACTICE.StudentSignup22" time="19.950" errors="0" timestamp="2022-08-23T14:55:02 IST" skipped="0">
  <testcase classname="com.testyourskill.PRACTICE.StudentSignup22" name="LoginAdmin" time="6.897"/>
  <system-out/>
  <testcase classname="com.testyourskill.PRACTICE.StudentSignup22" name="Studentouut" time="3.172"/>
  <system-out/>
  <testcase classname="com.testyourskill.PRACTICE.StudentSignup22" name="signup" time="8.257"/>
  <system-out/>
  <testcase classname="com.testyourskill.PRACTICE.StudentSignup22" name="stdtakeTest" time="0.439"/>
  <system-out/>
  <testcase classname="com.testyourskill.PRACTICE.StudentSignup22" name="AttendQuiz" time="1.185"/>
  <system-out/>
</testsuite> <!-- com.testyourskill.PRACTICE.StudentSignup22 -->
