<?xml version="1.0" encoding="UTF-8"?>
<!-- Generated by org.testng.reporters.JUnitReportReporter -->
<testsuite hostname="DESKTOP-3K9HUG1" failures="0" tests="1" name="com.tesYourTestYourSkill.pomTestScripts.StudentSignupTest" time="3.061" errors="0" timestamp="2022-08-23T15:57:51 IST" skipped="0">
  <testcase classname="com.tesYourTestYourSkill.pomTestScripts.StudentSignupTest" name="signup" time="3.061"/>
  <system-out/>
</testsuite> <!-- com.tesYourTestYourSkill.pomTestScripts.StudentSignupTest -->
