<?xml version="1.0" encoding="UTF-8"?>
<!-- Generated by org.testng.reporters.JUnitReportReporter -->
<testsuite hostname="DESKTOP-3K9HUG1" failures="0" tests="3" name="com.tesYourTestYourSkill.pomTestScripts.BookTicket3D" time="0.012" errors="0" timestamp="2022-09-26T11:15:47 IST" skipped="0">
  <testcase classname="com.tesYourTestYourSkill.pomTestScripts.BookTicket3D" name="bookticketsrcdst" time="0.007"/>
  <system-out/>
  <testcase classname="com.tesYourTestYourSkill.pomTestScripts.BookTicket3D" name="bookticketsrcdst" time="0.001"/>
  <system-out/>
  <testcase classname="com.tesYourTestYourSkill.pomTestScripts.BookTicket3D" name="bookticketsrcdst" time="0.004"/>
  <system-out/>
</testsuite> <!-- com.tesYourTestYourSkill.pomTestScripts.BookTicket3D -->
