<?xml version="1.0" encoding="UTF-8"?>
<!-- Generated by org.testng.reporters.JUnitReportReporter -->
<testsuite hostname="DESKTOP-3K9HUG1" failures="0" tests="1" name="com.crm.practice.LoginToAmazonSearchForWMClickCheckboxtest" time="40.840" errors="0" timestamp="2022-10-19T17:24:34 IST" skipped="0">
  <testcase classname="com.crm.practice.LoginToAmazonSearchForWMClickCheckboxtest" name="amazon" time="40.840"/>
  <system-out/>
</testsuite> <!-- com.crm.practice.LoginToAmazonSearchForWMClickCheckboxtest -->
