<?xml version="1.0" encoding="UTF-8"?>
<!-- Generated by org.testng.reporters.JUnitReportReporter -->
<testsuite hostname="DESKTOP-3K9HUG1" failures="0" tests="1" name="com.testyourskill.PRACTICE.ReadTheData" time="0.946" errors="0" timestamp="2022-11-09T15:23:17 IST" skipped="0">
  <testcase classname="com.testyourskill.PRACTICE.ReadTheData" name="raad" time="0.946"/>
  <system-out/>
</testsuite> <!-- com.testyourskill.PRACTICE.ReadTheData -->
