<?xml version="1.0" encoding="UTF-8"?>
<!-- Generated by org.testng.reporters.JUnitReportReporter -->
<testsuite hostname="DESKTOP-3K9HUG1" failures="0" tests="5" name="com.tesYourTestYourSkill.pomTestScripts.BookTicket" time="0.074" errors="0" timestamp="2022-09-26T10:57:05 IST" skipped="0">
  <testcase classname="com.tesYourTestYourSkill.pomTestScripts.BookTicket" name="book" time="0.022"/>
  <system-out/>
  <testcase classname="com.tesYourTestYourSkill.pomTestScripts.BookTicket" name="book" time="0.003"/>
  <system-out/>
  <testcase classname="com.tesYourTestYourSkill.pomTestScripts.BookTicket" name="book" time="0.002"/>
  <system-out/>
  <testcase classname="com.tesYourTestYourSkill.pomTestScripts.BookTicket" name="book" time="0.041"/>
  <system-out/>
  <testcase classname="com.tesYourTestYourSkill.pomTestScripts.BookTicket" name="book" time="0.006"/>
  <system-out/>
</testsuite> <!-- com.tesYourTestYourSkill.pomTestScripts.BookTicket -->
