<?xml version="1.0" encoding="UTF-8"?>
<!-- Generated by org.testng.reporters.JUnitReportReporter -->
<testsuite hostname="DESKTOP-3K9HUG1" failures="0" tests="2" name="com.tesYourTestYourSkill.pomTestScripts.DataProvider3DPractice" time="0.008" errors="0" timestamp="2022-09-26T11:33:31 IST" skipped="0">
  <testcase classname="com.tesYourTestYourSkill.pomTestScripts.DataProvider3DPractice" name="Print" time="0.006"/>
  <system-out/>
  <testcase classname="com.tesYourTestYourSkill.pomTestScripts.DataProvider3DPractice" name="Print" time="0.002"/>
  <system-out/>
</testsuite> <!-- com.tesYourTestYourSkill.pomTestScripts.DataProvider3DPractice -->
