<?xml version="1.0" encoding="UTF-8"?>
<!-- Generated by org.testng.reporters.JUnitReportReporter -->
<testsuite hostname="DESKTOP-3K9HUG1" failures="0" tests="1" name="com.crm.practice.MicTestPopUpHandle" time="18.717" errors="0" timestamp="2022-10-18T17:27:53 IST" skipped="0">
  <testcase classname="com.crm.practice.MicTestPopUpHandle" name="micTest" time="18.717"/>
  <system-out/>
</testsuite> <!-- com.crm.practice.MicTestPopUpHandle -->
