<?xml version="1.0" encoding="UTF-8"?>
<!-- Generated by org.testng.reporters.JUnitReportReporter -->
<testsuite hostname="DESKTOP-3K9HUG1" failures="0" tests="5" name="com.tesYourTestYourSkill.pomTestScripts.StudentSignup" time="13.173" errors="0" timestamp="2022-08-23T14:56:52 IST" skipped="0">
  <testcase classname="com.tesYourTestYourSkill.pomTestScripts.StudentSignup" name="signup" time="2.056"/>
  <system-out/>
  <testcase classname="com.tesYourTestYourSkill.pomTestScripts.StudentSignup" name="stdtakeTest" time="0.130"/>
  <system-out/>
  <testcase classname="com.tesYourTestYourSkill.pomTestScripts.StudentSignup" name="AttendQuiz" time="0.987"/>
  <system-out/>
  <testcase classname="com.tesYourTestYourSkill.pomTestScripts.StudentSignup" name="Studentouut" time="3.312"/>
  <system-out/>
  <testcase classname="com.tesYourTestYourSkill.pomTestScripts.StudentSignup" name="LoginAdmin" time="6.688"/>
  <system-out/>
</testsuite> <!-- com.tesYourTestYourSkill.pomTestScripts.StudentSignup -->
