<?xml version="1.0" encoding="UTF-8"?>
<!-- Generated by org.testng.reporters.JUnitReportReporter -->
<testsuite hostname="DESKTOP-3K9HUG1" failures="0" tests="1" name="Practice.VerifyUrlLaunchtest" time="44.001" errors="0" timestamp="2022-11-24T17:03:07 IST" skipped="0">
  <testcase classname="Practice.VerifyUrlLaunchtest" name="url" time="44.001"/>
  <system-out/>
</testsuite> <!-- Practice.VerifyUrlLaunchtest -->
