<?xml version="1.0" encoding="UTF-8"?>
<!-- Generated by org.testng.reporters.JUnitReportReporter -->
<testsuite hostname="DESKTOP-3K9HUG1" failures="0" tests="1" name="com.crm.practice.LoginToIccCricketMouseOverToRankingClickOnPlayersRankingInWoomenCatogory" time="33.714" errors="0" timestamp="2022-10-18T15:31:38 IST" skipped="0">
  <testcase classname="com.crm.practice.LoginToIccCricketMouseOverToRankingClickOnPlayersRankingInWoomenCatogory" name="login" time="33.714"/>
  <system-out/>
</testsuite> <!-- com.crm.practice.LoginToIccCricketMouseOverToRankingClickOnPlayersRankingInWoomenCatogory -->
