<?xml version="1.0" encoding="UTF-8"?>
<!-- Generated by org.testng.reporters.JUnitReportReporter -->
<testsuite hostname="DESKTOP-3K9HUG1" failures="0" tests="5" name="com.testyourskill.PRACTICE.StudentSignup22Test" time="14.957" errors="0" timestamp="2022-08-23T16:12:02 IST" skipped="0">
  <testcase classname="com.testyourskill.PRACTICE.StudentSignup22Test" name="Studentouut" time="3.176"/>
  <system-out/>
  <testcase classname="com.testyourskill.PRACTICE.StudentSignup22Test" name="LoginAdmin" time="6.811"/>
  <system-out/>
  <testcase classname="com.testyourskill.PRACTICE.StudentSignup22Test" name="signup" time="2.888"/>
  <system-out/>
  <testcase classname="com.testyourskill.PRACTICE.StudentSignup22Test" name="stdtakeTest" time="0.317"/>
  <system-out/>
  <testcase classname="com.testyourskill.PRACTICE.StudentSignup22Test" name="AttendQuiz" time="1.765"/>
  <system-out/>
</testsuite> <!-- com.testyourskill.PRACTICE.StudentSignup22Test -->
